<?xml version="1.0" encoding="UTF-8"?>
<!-- Generated by org.testng.reporters.JUnitReportReporter -->
<testsuite hostname="DESKTOP-UE5CFQV" failures="0" tests="2" name="RTE.RTEVER" time="24.331" errors="0" timestamp="2025-02-19T14:56:13 IST" skipped="0">
  <testcase classname="RTE.RTEVER" name="test" time="12.045"/>
  <testcase classname="RTE.RTEVER" name="test" time="12.286"/>
</testsuite> <!-- RTE.RTEVER -->
