<?xml version="1.0" encoding="UTF-8"?>
<!-- Generated by org.testng.reporters.JUnitReportReporter -->
<testsuite hostname="DESKTOP-UE5CFQV" failures="0" tests="1" name="concept.Table" time="5.942" errors="0" timestamp="2025-02-05T12:18:14 IST" skipped="0">
  <testcase classname="concept.Table" name="Test1" time="5.942"/>
</testsuite> <!-- concept.Table -->
