<?xml version="1.0" encoding="UTF-8"?>
<!-- Generated by org.testng.reporters.JUnitReportReporter -->
<testsuite hostname="DESKTOP-UE5CFQV" failures="0" tests="1" name="concept.flipcart" time="35.169" errors="0" timestamp="2025-02-03T17:33:25 IST" skipped="0">
  <testcase classname="concept.flipcart" name="Test1" time="35.169"/>
</testsuite> <!-- concept.flipcart -->
