<?xml version="1.0" encoding="UTF-8"?>
<!-- Generated by org.testng.reporters.JUnitReportReporter -->
<testsuite hostname="DESKTOP-UE5CFQV" failures="0" tests="1" name="concept.Broken_link_Copy_google" time="51.435" errors="0" timestamp="2025-02-06T13:01:14 IST" skipped="0">
  <testcase classname="concept.Broken_link_Copy_google" name="Test1" time="51.435"/>
</testsuite> <!-- concept.Broken_link_Copy_google -->
